\BOOKMARK [1][-]{section*.1}{Basics}{}% 1
\BOOKMARK [2][-]{section*.2}{Sample Autocorrelations}{section*.1}% 2
\BOOKMARK [1][-]{section*.3}{Autoregressive Models}{}% 3
\BOOKMARK [2][-]{section*.4}{AR\(1\) Models}{section*.3}% 4
\BOOKMARK [2][-]{section*.5}{AR\(1\) Properties}{section*.3}% 5
\BOOKMARK [2][-]{section*.6}{AR\(2\) Models}{section*.3}% 6
\BOOKMARK [2][-]{section*.7}{AR\(2\) Properties}{section*.3}% 7
\BOOKMARK [2][-]{section*.8}{AR\(p\) Models}{section*.3}% 8
\BOOKMARK [3][-]{section*.9}{Key Concepts}{section*.8}% 9
\BOOKMARK [3][-]{section*.10}{Factor Contributions}{section*.8}% 10
\BOOKMARK [1][-]{section*.11}{Moving Average Models}{}% 11
\BOOKMARK [2][-]{section*.12}{MA\(1\) Models}{section*.11}% 12
\BOOKMARK [2][-]{section*.13}{MA\(2\) Models}{section*.11}% 13
\BOOKMARK [2][-]{section*.14}{MA\(q\) Models}{section*.11}% 14
\BOOKMARK [3][-]{section*.15}{Key Concepts}{section*.14}% 15
\BOOKMARK [2][-]{section*.16}{MA Inversion}{section*.11}% 16
\BOOKMARK [1][-]{section*.17}{ARMA\(p,q\) Models}{}% 17
\BOOKMARK [2][-]{section*.18}{Key Concepts}{section*.17}% 18
\BOOKMARK [1][-]{section*.19}{ARIMA}{}% 19
\BOOKMARK [2][-]{section*.20}{General Form}{section*.19}% 20
\BOOKMARK [2][-]{section*.21}{Properties}{section*.19}% 21
\BOOKMARK [1][-]{section*.22}{ARUMA}{}% 22
\BOOKMARK [2][-]{section*.23}{Monthly Seasonality}{section*.22}% 23
\BOOKMARK [1][-]{section*.24}{General Linear Processes}{}% 24
\BOOKMARK [2][-]{section*.25}{General Form}{section*.24}% 25
\BOOKMARK [1][-]{section*.26}{Forecasting}{}% 26
\BOOKMARK [2][-]{section*.27}{Notation}{section*.26}% 27
\BOOKMARK [2][-]{section*.28}{ARMA Forecasting}{section*.26}% 28
\BOOKMARK [3][-]{section*.29}{Facts}{section*.28}% 29
\BOOKMARK [2][-]{section*.30}{ARIMA Forecasting}{section*.26}% 30
\BOOKMARK [2][-]{section*.31}{ARIMA with Seasonality Forecasting}{section*.26}% 31
\BOOKMARK [2][-]{section*.32}{Linear Forecasting}{section*.26}% 32
\BOOKMARK [1][-]{section*.33}{Filtering}{}% 33
\BOOKMARK [2][-]{section*.34}{Difference Filter}{section*.33}% 34
\BOOKMARK [2][-]{section*.35}{Moving Average Filter}{section*.33}% 35
\BOOKMARK [2][-]{section*.36}{Band-Type Filter}{section*.33}% 36
